<?xml version="1.0" encoding="UTF-8"?>
<!-- Generated by org.testng.reporters.JUnitReportReporter -->
<testsuite hostname="NDI-LAP-863" failures="0" tests="1" name="Testcases.PaymentTest" time="0.997" errors="0" timestamp="2022-07-14T15:03:16 IST" skipped="0">
  <testcase classname="Testcases.PaymentTest" name="paymentPageTest" time="0.997"/>
  <system-out/>
</testsuite> <!-- Testcases.PaymentTest -->
