<?xml version="1.0" encoding="UTF-8"?>
<!-- Generated by org.testng.reporters.JUnitReportReporter -->
<testsuite hostname="NDI-LAP-863" failures="0" tests="1" name="Testcases.LoginPageTest" time="0.382" errors="0" timestamp="2022-07-14T15:03:16 IST" skipped="0">
  <testcase classname="Testcases.LoginPageTest" name="verifyLoginFunctionalityWithValidCred" time="0.382"/>
  <system-out/>
</testsuite> <!-- Testcases.LoginPageTest -->
