<?xml version="1.0" encoding="UTF-8"?>
<!-- Generated by org.testng.reporters.JUnitReportReporter -->
<testsuite hostname="NDI-LAP-863" failures="0" tests="1" name="Testcases.CartTest" time="1.086" errors="0" timestamp="2022-07-14T15:03:16 IST" skipped="0">
  <testcase classname="Testcases.CartTest" name="cartPageTest" time="1.086"/>
  <system-out/>
</testsuite> <!-- Testcases.CartTest -->
